<?xml version="1.0" encoding="UTF-8"?>
<testsuite name="com.android.cts.releaseparser.SoParserTest" tests="4" skipped="0" failures="0" errors="0" timestamp="2021-03-03T20:01:10" hostname="MSI" time="2.41">
  <properties/>
  <testcase name="testNdkSo" classname="com.android.cts.releaseparser.SoParserTest" time="0.011"/>
  <testcase name="testCtsGtestExe" classname="com.android.cts.releaseparser.SoParserTest" time="0.022"/>
  <testcase name="testNdkSo" classname="com.android.cts.releaseparser.SoParserTest" time="0.009"/>
  <testcase name="testCtsGtestExe" classname="com.android.cts.releaseparser.SoParserTest" time="0.015"/>
  <system-out><![CDATA[.dynsym, 488, 1584, 3, 1, 24
.dynstr, 2072, 1268, 0, 0
.text, 3832, 4, 0, 0
.dynamic, 3872, 224, 3, 0
.debug_str, 4096, 1414, 0, 0
.debug_loc, 5510, 0, 0, 0
.debug_abbrev, 5510, 37, 0, 0
.debug_info, 5547, 1341, 0, 0
.debug_ranges, 6888, 1008, 0, 0
.debug_macinfo, 7896, 1, 0, 0
.debug_pubnames, 7897, 1499, 0, 0
.comment, 9396, 62, 0, 0
.debug_frame, 9464, 1512, 0, 0
.debug_line, 10976, 1560, 0, 0
.symtab, 12568, 1872, 19, 13, 24
.strtab, 14440, 1446, 0, 0
mDynamicTabOffset 0xf20, mDynamicTabSize 224
Info readSymbolTable: C:\Users\alwin\AppData\Local\Temp\libEGL.so, isDynSym true, symbol# 66
.interp, 340, 19, 0, 0
.text, 360, 98824, 0, 0
.ARM.extab, 101200, 48, 0, 0
.rodata, 101248, 12960, 0, 0
.dynsym, 114208, 3696, 10, 1, 16
.gnu.version, 117904, 462, 6, 0
.gnu.version_r, 118368, 80, 10, 2
.dynstr, 118804, 6537, 0, 0
.plt, 130240, 2464, 0, 0
.data.rel.ro, 135200, 1800, 0, 0
.dynamic, 137000, 264, 10, 0
.got, 137264, 296, 0, 0
.got.plt, 137560, 620, 0, 0
.gnu_debugdata, 138506, 9340, 0, 0
mDynamicTabOffset 0x21728, mDynamicTabSize 264
libc.so, 1, 2, 44, 32, 16 
    LIBC, 331107, 0, 2, 82, 16
    LIBC_N, 84764990, 0, 3, 626, 0

libm.so, 1, 1, 52, 48, 0 
    LIBC, 331107, 0, 4, 82, 0

Info readSymbolTable: C:\Users\alwin\AppData\Local\Temp\CtsAslrMallocTestCases32, isDynSym true, symbol# 231
.dynsym, 488, 1584, 3, 1, 24
.dynstr, 2072, 1268, 0, 0
.text, 3832, 4, 0, 0
.dynamic, 3872, 224, 3, 0
.debug_str, 4096, 1414, 0, 0
.debug_loc, 5510, 0, 0, 0
.debug_abbrev, 5510, 37, 0, 0
.debug_info, 5547, 1341, 0, 0
.debug_ranges, 6888, 1008, 0, 0
.debug_macinfo, 7896, 1, 0, 0
.debug_pubnames, 7897, 1499, 0, 0
.comment, 9396, 62, 0, 0
.debug_frame, 9464, 1512, 0, 0
.debug_line, 10976, 1560, 0, 0
.symtab, 12568, 1872, 19, 13, 24
.strtab, 14440, 1446, 0, 0
mDynamicTabOffset 0xf20, mDynamicTabSize 224
Info readSymbolTable: C:\Users\alwin\AppData\Local\Temp\libEGL.so, isDynSym true, symbol# 66
.interp, 340, 19, 0, 0
.text, 360, 98824, 0, 0
.ARM.extab, 101200, 48, 0, 0
.rodata, 101248, 12960, 0, 0
.dynsym, 114208, 3696, 10, 1, 16
.gnu.version, 117904, 462, 6, 0
.gnu.version_r, 118368, 80, 10, 2
.dynstr, 118804, 6537, 0, 0
.plt, 130240, 2464, 0, 0
.data.rel.ro, 135200, 1800, 0, 0
.dynamic, 137000, 264, 10, 0
.got, 137264, 296, 0, 0
.got.plt, 137560, 620, 0, 0
.gnu_debugdata, 138506, 9340, 0, 0
mDynamicTabOffset 0x21728, mDynamicTabSize 264
libc.so, 1, 2, 44, 32, 16 
    LIBC, 331107, 0, 2, 82, 16
    LIBC_N, 84764990, 0, 3, 626, 0

libm.so, 1, 1, 52, 48, 0 
    LIBC, 331107, 0, 4, 82, 0

Info readSymbolTable: C:\Users\alwin\AppData\Local\Temp\CtsAslrMallocTestCases32, isDynSym true, symbol# 231
]]></system-out>
  <system-err><![CDATA[]]></system-err>
</testsuite>
