<?xml version="1.0" encoding="UTF-8"?>
<testsuite name="com.android.cts.releaseparser.FileParserTest" tests="14" skipped="0" failures="0" errors="0" timestamp="2021-03-03T20:01:10" hostname="MSI" time="2.98">
  <properties/>
  <testcase name="testArt" classname="com.android.cts.releaseparser.FileParserTest" time="0.099"/>
  <testcase name="testOat" classname="com.android.cts.releaseparser.FileParserTest" time="0.126"/>
  <testcase name="testOdex" classname="com.android.cts.releaseparser.FileParserTest" time="0.01"/>
  <testcase name="testVdex" classname="com.android.cts.releaseparser.FileParserTest" time="0.01"/>
  <testcase name="testFeatureXml" classname="com.android.cts.releaseparser.FileParserTest" time="0.043"/>
  <testcase name="testBuildProp" classname="com.android.cts.releaseparser.FileParserTest" time="0.01"/>
  <testcase name="testPlatformXml" classname="com.android.cts.releaseparser.FileParserTest" time="0.018"/>
  <testcase name="testArt" classname="com.android.cts.releaseparser.FileParserTest" time="0.095"/>
  <testcase name="testOat" classname="com.android.cts.releaseparser.FileParserTest" time="0.116"/>
  <testcase name="testOdex" classname="com.android.cts.releaseparser.FileParserTest" time="0.007"/>
  <testcase name="testVdex" classname="com.android.cts.releaseparser.FileParserTest" time="0.005"/>
  <testcase name="testFeatureXml" classname="com.android.cts.releaseparser.FileParserTest" time="0.006"/>
  <testcase name="testBuildProp" classname="com.android.cts.releaseparser.FileParserTest" time="0.006"/>
  <testcase name="testPlatformXml" classname="com.android.cts.releaseparser.FileParserTest" time="0.012"/>
  <system-out><![CDATA[.rodata, 4096, 3981312, 0, 0
.text, 3985408, 11161524, 0, 0
.dynstr, 15147008, 118, 0, 0
.dynsym, 15147128, 240, 6, 1, 24
.dynamic, 15151104, 112, 6, 0
.gnu_debugdata, 15155200, 442976, 0, 0
.rodata, 4096, 4096, 0, 0
.text, 8192, 0, 0, 0
.dynstr, 8192, 56, 0, 0
.dynsym, 8248, 120, 5, 1, 24
.dynamic, 12288, 112, 5, 0
.gnu_debugdata, 16384, 208, 0, 0
.rodata, 4096, 3981312, 0, 0
.text, 3985408, 11161524, 0, 0
.dynstr, 15147008, 118, 0, 0
.dynsym, 15147128, 240, 6, 1, 24
.dynamic, 15151104, 112, 6, 0
.gnu_debugdata, 15155200, 442976, 0, 0
.rodata, 4096, 4096, 0, 0
.text, 8192, 0, 0, 0
.dynstr, 8192, 56, 0, 0
.dynsym, 8248, 120, 5, 1, 24
.dynamic, 12288, 112, 5, 0
.gnu_debugdata, 16384, 208, 0, 0
]]></system-out>
  <system-err><![CDATA[]]></system-err>
</testsuite>
